{"message":"the trait bound `std::vec::Vec<std::string::String>: rusqlite::types::from_sql::FromSql` is not satisfied","code":{"code":"E0277","explanation":"You tried to use a type which doesn't implement some trait in a place which\nexpected that trait.\n\nErroneous code example:\n\n```compile_fail,E0277\n// here we declare the Foo trait with a bar method\ntrait Foo {\n    fn bar(&self);\n}\n\n// we now declare a function which takes an object implementing the Foo trait\nfn some_func<T: Foo>(foo: T) {\n    foo.bar();\n}\n\nfn main() {\n    // we now call the method with the i32 type, which doesn't implement\n    // the Foo trait\n    some_func(5i32); // error: the trait bound `i32 : Foo` is not satisfied\n}\n```\n\nIn order to fix this error, verify that the type you're using does implement\nthe trait. Example:\n\n```\ntrait Foo {\n    fn bar(&self);\n}\n\nfn some_func<T: Foo>(foo: T) {\n    foo.bar(); // we can now use this method since i32 implements the\n               // Foo trait\n}\n\n// we implement the trait on the i32 type\nimpl Foo for i32 {\n    fn bar(&self) {}\n}\n\nfn main() {\n    some_func(5i32); // ok!\n}\n```\n\nOr in a generic context, an erroneous code example would look like:\n\n```compile_fail,E0277\nfn some_func<T>(foo: T) {\n    println!(\"{:?}\", foo); // error: the trait `core::fmt::Debug` is not\n                           //        implemented for the type `T`\n}\n\nfn main() {\n    // We now call the method with the i32 type,\n    // which *does* implement the Debug trait.\n    some_func(5i32);\n}\n```\n\nNote that the error here is in the definition of the generic function: Although\nwe only call it with a parameter that does implement `Debug`, the compiler\nstill rejects the function: It must work with all possible input types. In\norder to make this example compile, we need to restrict the generic type we're\naccepting:\n\n```\nuse std::fmt;\n\n// Restrict the input type to types that implement Debug.\nfn some_func<T: fmt::Debug>(foo: T) {\n    println!(\"{:?}\", foo);\n}\n\nfn main() {\n    // Calling the method is still fine, as i32 implements Debug.\n    some_func(5i32);\n\n    // This would fail to compile now:\n    // struct WithoutDebug;\n    // some_func(WithoutDebug);\n}\n```\n\nRust only looks at the signature of the called function, as such it must\nalready specify all requirements that will be used for every type parameter.\n"},"level":"error","spans":[{"file_name":"src/server/database.rs","byte_start":1422,"byte_end":1425,"line_start":50,"line_end":50,"column_start":26,"column_end":29,"is_primary":true,"text":[{"text":"              vault: row.get(2)?","highlight_start":26,"highlight_end":29}],"label":"the trait `rusqlite::types::from_sql::FromSql` is not implemented for `std::vec::Vec<std::string::String>`","suggested_replacement":null,"suggestion_applicability":null,"expansion":null}],"children":[{"message":"the following implementations were found:\n  <std::vec::Vec<u8> as rusqlite::types::from_sql::FromSql>","code":null,"level":"help","spans":[],"children":[],"rendered":null}],"rendered":"\u001b[0m\u001b[1m\u001b[38;5;9merror[E0277]\u001b[0m\u001b[0m\u001b[1m: the trait bound `std::vec::Vec<std::string::String>: rusqlite::types::from_sql::FromSql` is not satisfied\u001b[0m\n\u001b[0m  \u001b[0m\u001b[0m\u001b[1m\u001b[38;5;12m--> \u001b[0m\u001b[0msrc/server/database.rs:50:26\u001b[0m\n\u001b[0m   \u001b[0m\u001b[0m\u001b[1m\u001b[38;5;12m|\u001b[0m\n\u001b[0m\u001b[1m\u001b[38;5;12m50\u001b[0m\u001b[0m \u001b[0m\u001b[0m\u001b[1m\u001b[38;5;12m| \u001b[0m\u001b[0m              vault: row.get(2)?\u001b[0m\n\u001b[0m   \u001b[0m\u001b[0m\u001b[1m\u001b[38;5;12m| \u001b[0m\u001b[0m                         \u001b[0m\u001b[0m\u001b[1m\u001b[38;5;9m^^^\u001b[0m\u001b[0m \u001b[0m\u001b[0m\u001b[1m\u001b[38;5;9mthe trait `rusqlite::types::from_sql::FromSql` is not implemented for `std::vec::Vec<std::string::String>`\u001b[0m\n\u001b[0m   \u001b[0m\u001b[0m\u001b[1m\u001b[38;5;12m|\u001b[0m\n\u001b[0m   \u001b[0m\u001b[0m\u001b[1m\u001b[38;5;12m= \u001b[0m\u001b[0m\u001b[1mhelp\u001b[0m\u001b[0m: the following implementations were found:\u001b[0m\n\u001b[0m             <std::vec::Vec<u8> as rusqlite::types::from_sql::FromSql>\u001b[0m\n\n"}
{"message":"no method named `optional` found for enum `std::result::Result<std::option::Option<server::database::StoredUser>, rusqlite::error::Error>` in the current scope","code":{"code":"E0599","explanation":"This error occurs when a method is used on a type which doesn't implement it:\n\nErroneous code example:\n\n```compile_fail,E0599\nstruct Mouth;\n\nlet x = Mouth;\nx.chocolate(); // error: no method named `chocolate` found for type `Mouth`\n               //        in the current scope\n```\n"},"level":"error","spans":[{"file_name":"src/server/database.rs","byte_start":1455,"byte_end":1463,"line_start":52,"line_end":52,"column_start":10,"column_end":18,"is_primary":true,"text":[{"text":"      }).optional()?","highlight_start":10,"highlight_end":18}],"label":"method not found in `std::result::Result<std::option::Option<server::database::StoredUser>, rusqlite::error::Error>`","suggested_replacement":null,"suggestion_applicability":null,"expansion":null},{"file_name":"/home/runner/.cargo/registry/src/github.com-1ecc6299db9ec823/rusqlite-0.24.2/src/lib.rs","byte_start":5820,"byte_end":5828,"line_start":213,"line_end":213,"column_start":8,"column_end":16,"is_primary":false,"text":[{"text":"    fn optional(self) -> Result<Option<T>>;","highlight_start":8,"highlight_end":16}],"label":"the method is available for `std::boxed::Box<std::result::Result<std::option::Option<server::database::StoredUser>, rusqlite::error::Error>>` here","suggested_replacement":null,"suggestion_applicability":null,"expansion":null},{"file_name":"/home/runner/.cargo/registry/src/github.com-1ecc6299db9ec823/rusqlite-0.24.2/src/lib.rs","byte_start":5820,"byte_end":5828,"line_start":213,"line_end":213,"column_start":8,"column_end":16,"is_primary":false,"text":[{"text":"    fn optional(self) -> Result<Option<T>>;","highlight_start":8,"highlight_end":16}],"label":"the method is available for `std::sync::Arc<std::result::Result<std::option::Option<server::database::StoredUser>, rusqlite::error::Error>>` here","suggested_replacement":null,"suggestion_applicability":null,"expansion":null},{"file_name":"/home/runner/.cargo/registry/src/github.com-1ecc6299db9ec823/rusqlite-0.24.2/src/lib.rs","byte_start":5820,"byte_end":5828,"line_start":213,"line_end":213,"column_start":8,"column_end":16,"is_primary":false,"text":[{"text":"    fn optional(self) -> Result<Option<T>>;","highlight_start":8,"highlight_end":16}],"label":"the method is available for `std::rc::Rc<std::result::Result<std::option::Option<server::database::StoredUser>, rusqlite::error::Error>>` here","suggested_replacement":null,"suggestion_applicability":null,"expansion":null}],"children":[{"message":"items from traits can only be used if the trait is in scope","code":null,"level":"help","spans":[],"children":[],"rendered":null},{"message":"the following trait is implemented but not in scope; perhaps add a `use` for it:\n`use rusqlite::OptionalExtension;`","code":null,"level":"note","spans":[],"children":[],"rendered":null}],"rendered":"\u001b[0m\u001b[1m\u001b[38;5;9merror[E0599]\u001b[0m\u001b[0m\u001b[1m: no method named `optional` found for enum `std::result::Result<std::option::Option<server::database::StoredUser>, rusqlite::error::Error>` in the current scope\u001b[0m\n\u001b[0m   \u001b[0m\u001b[0m\u001b[1m\u001b[38;5;12m--> \u001b[0m\u001b[0msrc/server/database.rs:52:10\u001b[0m\n\u001b[0m    \u001b[0m\u001b[0m\u001b[1m\u001b[38;5;12m|\u001b[0m\n\u001b[0m\u001b[1m\u001b[38;5;12m52\u001b[0m\u001b[0m  \u001b[0m\u001b[0m\u001b[1m\u001b[38;5;12m| \u001b[0m\u001b[0m      }).optional()?\u001b[0m\n\u001b[0m    \u001b[0m\u001b[0m\u001b[1m\u001b[38;5;12m| \u001b[0m\u001b[0m         \u001b[0m\u001b[0m\u001b[1m\u001b[38;5;9m^^^^^^^^\u001b[0m\u001b[0m \u001b[0m\u001b[0m\u001b[1m\u001b[38;5;9mmethod not found in `std::result::Result<std::option::Option<server::database::StoredUser>, rusqlite::error::Error>`\u001b[0m\n\u001b[0m    \u001b[0m\u001b[0m\u001b[1m\u001b[38;5;12m| \u001b[0m\n\u001b[0m   \u001b[0m\u001b[0m\u001b[1m\u001b[38;5;12m::: \u001b[0m\u001b[0m/home/runner/.cargo/registry/src/github.com-1ecc6299db9ec823/rusqlite-0.24.2/src/lib.rs:213:8\u001b[0m\n\u001b[0m    \u001b[0m\u001b[0m\u001b[1m\u001b[38;5;12m|\u001b[0m\n\u001b[0m\u001b[1m\u001b[38;5;12m213\u001b[0m\u001b[0m \u001b[0m\u001b[0m\u001b[1m\u001b[38;5;12m| \u001b[0m\u001b[0m    fn optional(self) -> Result<Option<T>>;\u001b[0m\n\u001b[0m    \u001b[0m\u001b[0m\u001b[1m\u001b[38;5;12m| \u001b[0m\u001b[0m       \u001b[0m\u001b[0m\u001b[1m\u001b[38;5;12m--------\u001b[0m\n\u001b[0m    \u001b[0m\u001b[0m\u001b[1m\u001b[38;5;12m| \u001b[0m\u001b[0m       \u001b[0m\u001b[0m\u001b[1m\u001b[38;5;12m|\u001b[0m\n\u001b[0m    \u001b[0m\u001b[0m\u001b[1m\u001b[38;5;12m| \u001b[0m\u001b[0m       \u001b[0m\u001b[0m\u001b[1m\u001b[38;5;12mthe method is available for `std::boxed::Box<std::result::Result<std::option::Option<server::database::StoredUser>, rusqlite::error::Error>>` here\u001b[0m\n\u001b[0m    \u001b[0m\u001b[0m\u001b[1m\u001b[38;5;12m| \u001b[0m\u001b[0m       \u001b[0m\u001b[0m\u001b[1m\u001b[38;5;12mthe method is available for `std::sync::Arc<std::result::Result<std::option::Option<server::database::StoredUser>, rusqlite::error::Error>>` here\u001b[0m\n\u001b[0m    \u001b[0m\u001b[0m\u001b[1m\u001b[38;5;12m| \u001b[0m\u001b[0m       \u001b[0m\u001b[0m\u001b[1m\u001b[38;5;12mthe method is available for `std::rc::Rc<std::result::Result<std::option::Option<server::database::StoredUser>, rusqlite::error::Error>>` here\u001b[0m\n\u001b[0m    \u001b[0m\u001b[0m\u001b[1m\u001b[38;5;12m|\u001b[0m\n\u001b[0m    \u001b[0m\u001b[0m\u001b[1m\u001b[38;5;12m= \u001b[0m\u001b[0m\u001b[1mhelp\u001b[0m\u001b[0m: items from traits can only be used if the trait is in scope\u001b[0m\n\u001b[0m    \u001b[0m\u001b[0m\u001b[1m\u001b[38;5;12m= \u001b[0m\u001b[0m\u001b[1mnote\u001b[0m\u001b[0m: the following trait is implemented but not in scope; perhaps add a `use` for it:\u001b[0m\n\u001b[0m            `use rusqlite::OptionalExtension;`\u001b[0m\n\n"}
{"message":"aborting due to 2 previous errors","code":null,"level":"error","spans":[],"children":[],"rendered":"\u001b[0m\u001b[1m\u001b[38;5;9merror\u001b[0m\u001b[0m\u001b[1m: aborting due to 2 previous errors\u001b[0m\n\n"}
{"message":"Some errors have detailed explanations: E0277, E0599.","code":null,"level":"failure-note","spans":[],"children":[],"rendered":"\u001b[0m\u001b[1mSome errors have detailed explanations: E0277, E0599.\u001b[0m\n"}
{"message":"For more information about an error, try `rustc --explain E0277`.","code":null,"level":"failure-note","spans":[],"children":[],"rendered":"\u001b[0m\u001b[1mFor more information about an error, try `rustc --explain E0277`.\u001b[0m\n"}
